2026-03-31 11:30:15.500 MainThread udi_interface      INFO     polylogger:set_basic_config: set_basic_config: enable=True level=30
2026-03-31 11:30:15.501 MainThread udi_interface      INFO     __init__:<module>: UDI interface initializing
2026-03-31 11:30:15.501 MainThread udi_interface      INFO     __init__:<module>: User=None
2026-03-31 11:30:15.501 MainThread udi_interface      INFO     __init__:<module>: Home=/var/polyglot/pg3/ns/0021b9026dcd_25
2026-03-31 11:30:15.501 MainThread udi_interface      INFO     __init__:<module>: Node Server Path=/var/polyglot/pg3/ns/0021b9026dcd_25
2026-03-31 11:30:15.501 MainThread udi_interface      INFO     __init__:<module>: PG3INIT=eyJ1dWlkIjoiMDA6MjE6Yjk6MDI6NmQ6Y2QiLCJwcm9maWxlTnVtIjoyNSwibG9nTGV2ZWwiOiJERUJVRyIsInRva2VuIjoiM2xoZ1JPKm4zJWhQL3lsQyIsIm1xdHRIb3N0IjoibG9jYWxob3N0IiwibXF0dFBvcnQiOjg4ODMsInNlY3VyZSI6MSwiaXNQRzN4Ijp0cnVlLCJwZzNWZXJzaW9uIjoiMy40LjE2IiwiaXN5VmVyc2lvbiI6IjYuMC41IiwiZWRpdGlvbiI6IkZyZWUifQ==
2026-03-31 11:30:15.501 MainThread udi_interface      INFO     __init__:<module>: Loading interface module
2026-03-31 11:30:15.545 MainThread udi_interface      INFO     interface:<module>: Loading MQTT module
2026-03-31 11:30:16.031 MainThread udi_interface      INFO     interface:<module>: MQTT module loaded
2026-03-31 11:30:16.247 MainThread udi_interface      INFO     __init__:<module>: Loading udi_interface module
2026-03-31 11:30:16.247 MainThread udi_interface      INFO     __init__:<module>: Loading node module
2026-03-31 11:30:16.247 MainThread udi_interface      INFO     __init__:<module>: Loading custom module
2026-03-31 11:30:16.248 MainThread udi_interface      INFO     __init__:<module>: Loading isy module
2026-03-31 11:30:16.248 MainThread udi_interface      INFO     __init__:<module>: Loading OAuth module
2026-03-31 11:30:16.248 MainThread udi_interface      INFO     __init__:<module>: UDI interface initialized
2026-03-31 11:30:16.248 MainThread udi_interface      INFO     __init__:<module>: UDI Python Interface for Polyglot version 3 3.4.5 Starting...
2026-03-31 11:30:16.268 MainThread udi_interface.interface INFO     interface:__init__: Initialization received from Polyglot V3 3.4.16  [ISY: 6.0.5, Slot: 25]
2026-03-31 11:30:16.268 MainThread udi_interface.interface INFO     interface:__init__: Connect: Network Interface: {'addr': '192.168.1.204', 'netmask': '255.255.255.0', 'broadcast': '192.168.1.255'}
2026-03-31 11:30:16.269 Interface  udi_interface.interface INFO     interface:_startMqtt: Connecting to MQTT... localhost:8883
2026-03-31 11:30:16.269 Interface  udi_interface.interface INFO     interface:_startMqtt: Using SSL cert: 0021b9026dcd_25.cert key: 0021b9026dcd_25.key ca: /usr/local/etc/ssl/certs/ud.ca.cert
2026-03-31 11:30:16.281 MainThread udi_interface.interface WARNING  interface:db_getNodeDrivers: blhub not found in database.
2026-03-31 11:30:16.281 MainThread udi_interface.interface INFO     interface:addNode: Adding node Broadlink Hub(blhub) [None]
2026-03-31 11:30:16.281 MainThread udi_interface.interface INFO     interface:updateProfile: Sending Install Profile command to Polyglot.
2026-03-31 11:30:16.282 Interface  udi_interface.interface INFO     interface:_startMqtt: MQTT keepalive is 300 seconds.
2026-03-31 11:30:16.331 MQTT       udi_interface.interface INFO     interface:_connect: MQTT Connected with Reason code: Success
2026-03-31 11:30:16.332 MQTT       udi_interface.interface INFO     interface:_connect: MQTT Subscribing to topic: udi/pg3/ns/clients/00:21:b9:02:6d:cd_25 -  MID: 2 Result: 0
2026-03-31 11:30:16.374 MQTT       udi_interface.interface INFO     interface:_subscribe: MQTT Subscribed Successfully for Message ID: 2. Reason codes: ['Granted QoS 0']
2026-03-31 11:30:16.417 MQTT       udi_interface.interface INFO     interface:_message: Successfully set key = customparamsdoc
2026-03-31 11:30:16.476 MQTT       udi_interface.interface DEBUG    interface:_message: QUEUING incoming message getAll
2026-03-31 11:30:16.476 Command    udi_interface.interface DEBUG    interface:_parseInput: DEQUEING getAll
2026-03-31 11:30:16.476 Command    udi_interface.interface DEBUG    interface:_handleInput: PROCESS getAll message {'id': 'd129918f-4a83-40a9-86a1-06422475efda', 'uuid': '00:21:b9:02:6d:cd', 'profileNum': 25, 'key': 'customparams', 'value': '{"USER_ID":"christian.olgaard@gmail.com","USER_PASSWORD":"coe123COE!@#","HUB_IP":"192.168.1.226"}', 'dbVersion': 1} from Polyglot
2026-03-31 11:30:16.476 Thread-3 (handle_params) udi_interface.custom DEBUG    custom:load: CUSTOM: load {'USER_ID': 'christian.olgaard@gmail.com', 'USER_PASSWORD': 'coe123COE!@#', 'HUB_IP': '192.168.1.226'}
2026-03-31 11:30:16.477 Command    udi_interface.interface DEBUG    interface:_handleInput: PROCESS getAll message {'id': '9cfc9c3b-1b6d-4c96-9b1d-05fd1d8ec72a', 'uuid': '00:21:b9:02:6d:cd', 'profileNum': 25, 'key': 'customparamsdoc', 'value': '<h1>Broadlink Node Server Configuration</h1>\n\n<h2>Required Parameters</h2>\n\n<ul>\n<li><code>USER_ID</code>: User identifier for your Broadlink setup (stored for compatibility/future cloud extensions)</li>\n<li><code>USER_PASSWORD</code>: User password (stored for compatibility/future cloud extensions)</li>\n<li><code>HUB_IP</code>: IP address of your Broadlink RM hub (for example <code>192.168.1.120</code>)</li>\n</ul>\n\n<h2>AP Provisioning Parameters (broadlink.setup)</h2>\n\n<p>Use these only when provisioning a device in AP mode:</p>\n\n<ul>\n<li><code>WIFI_SSID</code>: target Wi-Fi SSID</li>\n<li><code>WIFI_PASSWORD</code>: target Wi-Fi password</li>\n<li><code>WIFI_SECURITY_MODE</code>: <code>0..4</code> (<code>4</code> = WPA1/2 default)</li>\n<li><code>SETUP_IP</code>: destination IP for setup packet (default <code>255.255.255.255</code>)</li>\n</ul>\n\n<p>After setting these, run the setup-node command <code>Provision AP Setup</code>.</p>\n\n<h2>Code Configuration</h2>\n\n<p>Two parameters define the transmit codes and automatically create subnodes:</p>\n\n<ul>\n<li><code>IR_CODES</code></li>\n<li><code>RF_CODES</code></li>\n</ul>\n\n<p>Both support either JSON or <code>key=value</code> lines.</p>\n\n<h3>JSON example</h3>\n\n<pre><code>{\n  "TV Power": "2600d200949512...",\n  "Receiver Vol Up": "b64:AAECAwQFBgc..."\n}\n</code></pre>\n\n<h3>key/value example</h3>\n\n<pre><code>TV Power=2600d200949512...\nReceiver Vol Up=b64:AAECAwQFBgc...\n</code></pre>\n\n<p>Encoding options:</p>\n\n<ul>\n<li>Hex (default)</li>\n<li>Base64 with <code>b64:</code> prefix</li>\n</ul>\n\n<h2>Operational Notes</h2>\n\n<ul>\n<li>Changing <code>IR_CODES</code> or <code>RF_CODES</code> updates the code subnodes.</li>\n<li>Each code subnode has a <code>TXCODE</code> command to send its packet.</li>\n<li>IR and RF parent nodes support <code>LEARNCODE</code> to learn packets directly from the hub and create subnodes automatically.</li>\n<li>Setup node supports <code>APSETUP</code> ("Provision AP Setup") which calls <code>broadlink.setup(...)</code>.</li>\n<li><code>shortPoll</code> provides heartbeat updates.</li>\n<li><code>longPoll</code> refreshes Broadlink connectivity state.</li>\n</ul>\n', 'dbVersion': 1} from Polyglot
2026-03-31 11:30:16.477 Thread-3 (handle_params) udi_interface.custom DEBUG    custom:load: CUSTOM:  -- checking USER_ID / christian.olgaard@gmail.com
2026-03-31 11:30:16.477 MQTT       udi_interface.interface DEBUG    interface:_message: QUEUING incoming message getNsInfo
2026-03-31 11:30:16.477 Command    udi_interface.interface DEBUG    interface:_handleInput: PROCESS getAll message {'id': 'bb6ce6a7-9654-46d8-8cef-f889db88f4eb', 'uuid': '00:21:b9:02:6d:cd', 'profileNum': 25, 'key': 'customtypeddata', 'value': '{}', 'dbVersion': 1} from Polyglot
2026-03-31 11:30:16.477 Thread-3 (handle_params) udi_interface.custom DEBUG    custom:load: CUSTOM:  -- checking USER_PASSWORD / coe123COE!@#
2026-03-31 11:30:16.478 Command    udi_interface.interface DEBUG    interface:_handleInput: PROCESS getAll message {'id': 'c81ab660-1629-46f4-b7cb-661777619601', 'uuid': '00:21:b9:02:6d:cd', 'profileNum': 25, 'key': 'nsdata', 'value': '', 'dbVersion': 1} from Polyglot
2026-03-31 11:30:16.478 Thread-3 (handle_params) udi_interface.custom DEBUG    custom:load: CUSTOM:  -- checking HUB_IP / 192.168.1.226
2026-03-31 11:30:16.478 Command    udi_interface.interface DEBUG    interface:_handleInput: Key nsdata should be passed to node server.
2026-03-31 11:30:16.478 Command    udi_interface.interface DEBUG    interface:_handleInput: PROCESS getAll message {'id': '22afc5ef-50c4-479f-83b3-88a2437e5624', 'uuid': '00:21:b9:02:6d:cd', 'profileNum': 25, 'key': 'oauth', 'value': '', 'dbVersion': 1} from Polyglot
2026-03-31 11:30:16.478 Command    udi_interface.interface DEBUG    interface:_handleInput: Key oauth should be passed to node server.
2026-03-31 11:30:16.479 Thread-4 (handle_custom_data) udi_interface.custom DEBUG    custom:load: CUSTOM: load {}
2026-03-31 11:30:16.479 Command    udi_interface.interface DEBUG    interface:_parseInput: DEQUEING getNsInfo
2026-03-31 11:30:16.479 Thread-4 (handle_custom_data) udi_interface.interface WARNING  interface:db_getNodeDrivers: blirhub not found in database.
2026-03-31 11:30:16.479 Command    udi_interface.interface DEBUG    interface:_handleInput: PROCESS getNsInfo message {'id': '1506599b-1827-46c8-91c4-f28fc8a9d885', 'uuid': '00:21:b9:02:6d:cd', 'name': 'TeslaEVstream', 'nsid': 'fc6f63ff-b210-4076-a111-c0f40c748a74', 'expires': 0, 'nickname': None, 'profileNum': 18, 'developerMode': 0, 'timeAdded': 1748019345855, 'timeStarted': 1770338293164, 'timeModified': 1770338315461, 'version': '0.2.14', 'edition': 'Free', 'branch': 'main', 'url': 'https://github.com/Panda88CO/TeslaEV3', 'home': '/var/polyglot/pg3/ns/0021b9026dcd_18', 'log': 'logs/debug.log', 'logLevel': 'DEBUG', 'logLevelList': '[{"id":4,"name":"Debug","value":"DEBUG","level":10},{"id":3,"name":"Info","value":"INFO","level":20},{"id":2,"name":"Warning","value":"WARNING","level":30},{"id":1,"name":"Error","value":"ERROR","level":40},{"id":0,"name":"Critical","value":"CRITICAL","level":50}]', 'enabled': 0, 'connected': 0, 'devMode': 0, 'type': 'python3', 'executable': 'TeslaEV3main.py', 'shortPoll': 300, 'longPoll': 7200, 'allowIsyAccess': 0, 'nsInfoPoll': 0, 'discover': 0, 'oauth': 1, 'requestId': 0, 'status_node': None, 'status_driver': None, 'orderId': None, 'store': 'Production', 'option': '5a4f2b45-0f05-4b6b-a634-f677e85e9c7b', 'noLicense': 1, 'latestVersion': '0.2.14', 'dbVersion': 1} from Polyglot
2026-03-31 11:30:16.479 Thread-4 (handle_custom_data) udi_interface.interface INFO     interface:addNode: Adding node Broadlink IR(blirhub) [None]
2026-03-31 11:30:16.480 Command    udi_interface.interface DEBUG    interface:_handleInput: PROCESS getNsInfo message {'id': '36febc9e-1def-435b-a9a2-3820011d6f75', 'uuid': '00:21:b9:02:6d:cd', 'name': 'Netro_watering', 'nsid': 'dd5f609e-51c8-43d5-a06e-625b8f948a81', 'expires': 0, 'nickname': None, 'profileNum': 10, 'developerMode': 0, 'timeAdded': 1762799487659, 'timeStarted': 1762814980766, 'timeModified': 1764278562941, 'version': '0.1.18', 'edition': 'Standard', 'branch': 'main', 'url': 'https://github.com/Panda88CO/udiNetro', 'home': '/var/polyglot/pg3/ns/0021b9026dcd_10', 'log': 'logs/debug.log', 'logLevel': 'DEBUG', 'logLevelList': '[{"id":4,"name":"Debug","value":"DEBUG","level":10},{"id":3,"name":"Info","value":"INFO","level":20},{"id":2,"name":"Warning","value":"WARNING","level":30},{"id":1,"name":"Error","value":"ERROR","level":40},{"id":0,"name":"Critical","value":"CRITICAL","level":50}]', 'enabled': 0, 'connected': 0, 'devMode': 0, 'type': 'python3', 'executable': 'udiNetro.py', 'shortPoll': 60, 'longPoll': 1200, 'allowIsyAccess': 0, 'nsInfoPoll': 0, 'discover': 0, 'oauth': 0, 'requestId': 0, 'status_node': None, 'status_driver': None, 'orderId': None, 'store': 'Local', 'option': 'aabda037-cfb2-4e35-824a-48eebc9cfc48', 'noLicense': 1, 'latestVersion': '0.1.18', 'dbVersion': 1} from Polyglot
2026-03-31 11:30:16.480 Thread-4 (handle_custom_data) udi_interface.interface WARNING  interface:db_getNodeDrivers: blrfhub not found in database.
2026-03-31 11:30:16.480 Command    udi_interface.interface DEBUG    interface:_handleInput: PROCESS getNsInfo message {'id': '48cc858b-ffa8-4047-b6f7-8c1a950572c3', 'uuid': '00:21:b9:02:6d:cd', 'name': 'YolinkLocal', 'nsid': '0e152549-cca9-4835-9981-9028cbe258bb', 'expires': 0, 'nickname': None, 'profileNum': 8, 'developerMode': 0, 'timeAdded': 1763517642307, 'timeStarted': 1774974069480, 'timeModified': 1774974198536, 'version': '1.8.17', 'edition': 'Free', 'branch': 'AI-test6', 'url': 'https://github.com/Panda88CO/udi-yolink', 'home': '/var/polyglot/pg3/ns/0021b9026dcd_8', 'log': 'logs/debug.log', 'logLevel': 'DEBUG', 'logLevelList': '[{"id":4,"name":"Debug","value":"DEBUG","level":10},{"id":3,"name":"Info","value":"INFO","level":20},{"id":2,"name":"Warning","value":"WARNING","level":30},{"id":1,"name":"Error","value":"ERROR","level":40},{"id":0,"name":"Critical","value":"CRITICAL","level":50}]', 'enabled': 1, 'connected': 1, 'devMode': 0, 'type': 'python3', 'executable': 'udiYoLinkLocal.py', 'shortPoll': 60, 'longPoll': 3600, 'allowIsyAccess': 0, 'nsInfoPoll': 0, 'discover': 0, 'oauth': 0, 'requestId': 0, 'status_node': None, 'status_driver': None, 'orderId': None, 'store': 'Local', 'option': 'b8c653c3-02b9-4fbc-a890-03dee8db6500', 'noLicense': 1, 'latestVersion': '1.8.17', 'dbVersion': 1} from Polyglot
2026-03-31 11:30:16.480 Thread-4 (handle_custom_data) udi_interface.interface INFO     interface:addNode: Adding node Broadlink RF(blrfhub) [None]
2026-03-31 11:30:16.480 Command    udi_interface.interface DEBUG    interface:_handleInput: PROCESS getNsInfo message {'id': '35dea668-283e-43a0-9a4c-71d277f0f990', 'uuid': '00:21:b9:02:6d:cd', 'name': 'Blink', 'nsid': '02b66257-0f05-4624-9c27-6855c828c844', 'expires': 0, 'nickname': None, 'profileNum': 13, 'developerMode': 0, 'timeAdded': 1763686393708, 'timeStarted': 1774758530000, 'timeModified': 1774894317701, 'version': '0.6.16', 'edition': 'Standard', 'branch': 'DEV2', 'url': 'https://github.com/Panda88CO/udi-Blink.git', 'home': '/var/polyglot/pg3/ns/0021b9026dcd_13', 'log': 'logs/debug.log', 'logLevel': 'DEBUG', 'logLevelList': '[{"id":4,"name":"Debug","value":"DEBUG","level":10},{"id":3,"name":"Info","value":"INFO","level":20},{"id":2,"name":"Warning","value":"WARNING","level":30},{"id":1,"name":"Error","value":"ERROR","level":40},{"id":0,"name":"Critical","value":"CRITICAL","level":50}]', 'enabled': 0, 'connected': 0, 'devMode': 0, 'type': 'python3', 'executable': 'udiBlinkController.py', 'shortPoll': 60, 'longPoll': 300, 'allowIsyAccess': 0, 'nsInfoPoll': 0, 'discover': 0, 'oauth': 0, 'requestId': 0, 'status_node': None, 'status_driver': None, 'orderId': None, 'store': 'Local', 'option': '6ef66d02-78bc-42d8-af42-449f36eff89d', 'noLicense': 1, 'latestVersion': '0.6.16', 'dbVersion': 1} from Polyglot
2026-03-31 11:30:16.481 Command    udi_interface.interface DEBUG    interface:_handleInput: PROCESS getNsInfo message {'id': 'f968726c-2723-488f-b25d-a8fcbdccb7b0', 'uuid': '00:21:b9:02:6d:cd', 'name': 'Hubitat2udi', 'nsid': 'c2ca20c9-0a57-48f9-a342-571d0a0b716d', 'expires': 0, 'nickname': None, 'profileNum': 15, 'developerMode': 0, 'timeAdded': 1768772952724, 'timeStarted': 1769201733443, 'timeModified': 1772040979668, 'version': '0.1.13', 'edition': 'Free', 'branch': 'develop', 'url': 'https://github.com/Panda88CO/udi-hubitat.git', 'home': '/var/polyglot/pg3/ns/0021b9026dcd_15', 'log': 'logs/debug.log', 'logLevel': 'DEBUG', 'logLevelList': '[{"id":4,"name":"Debug","value":"DEBUG","level":10},{"id":3,"name":"Info","value":"INFO","level":20},{"id":2,"name":"Warning","value":"WARNING","level":30},{"id":1,"name":"Error","value":"ERROR","level":40},{"id":0,"name":"Critical","value":"CRITICAL","level":50}]', 'enabled': 0, 'connected': 0, 'devMode': 0, 'type': 'python3', 'executable': 'udi-hubitat.py', 'shortPoll': 60, 'longPoll': 300, 'allowIsyAccess': 0, 'nsInfoPoll': 0, 'discover': 0, 'oauth': 0, 'requestId': 1, 'status_node': None, 'status_driver': None, 'orderId': None, 'store': 'Local', 'option': 'b9eabfee-b366-4cbc-a633-f84a40c2873a', 'noLicense': 1, 'latestVersion': '0.1.13', 'dbVersion': 1} from Polyglot
2026-03-31 11:30:16.481 Command    udi_interface.interface DEBUG    interface:_handleInput: PROCESS getNsInfo message {'id': '76e35165-335c-4e42-ba79-2e7c4451b621', 'uuid': '00:21:b9:02:6d:cd', 'name': 'YoLinkThermost', 'nsid': '8fff0b67-9120-4596-afde-437a811daa9f', 'expires': 0, 'nickname': None, 'profileNum': 20, 'developerMode': 0, 'timeAdded': 1772915990302, 'timeStarted': 1773078133371, 'timeModified': 1773080490372, 'version': '1.8.9', 'edition': 'Free', 'branch': 'AI-test2', 'url': 'https://github.com/Panda88CO/udi-yolink', 'home': '/var/polyglot/pg3/ns/0021b9026dcd_20', 'log': 'logs/debug.log', 'logLevel': 'DEBUG', 'logLevelList': '[{"id":4,"name":"Debug","value":"DEBUG","level":10},{"id":3,"name":"Info","value":"INFO","level":20},{"id":2,"name":"Warning","value":"WARNING","level":30},{"id":1,"name":"Error","value":"ERROR","level":40},{"id":0,"name":"Critical","value":"CRITICAL","level":50}]', 'enabled': 0, 'connected': 0, 'devMode': 0, 'type': 'python3', 'executable': 'udi-YoLink.py', 'shortPoll': 600, 'longPoll': 3600, 'allowIsyAccess': 0, 'nsInfoPoll': 0, 'discover': 0, 'oauth': 0, 'requestId': 0, 'status_node': None, 'status_driver': None, 'orderId': None, 'store': 'Local', 'option': '5e38dc46-051a-452b-99dc-6c6f5ac27d33', 'noLicense': 1, 'latestVersion': '1.8.9', 'dbVersion': 1} from Polyglot
2026-03-31 11:30:16.481 Command    udi_interface.interface DEBUG    interface:_handleInput: PROCESS getNsInfo message {'id': '9cc5773d-8953-4950-95a8-df735208a553', 'uuid': '00:21:b9:02:6d:cd', 'name': 'BroadLink', 'nsid': '5bf099a4-e653-4644-b2d6-359db6a9c472', 'expires': 0, 'nickname': None, 'profileNum': 25, 'developerMode': 0, 'timeAdded': 1773855968490, 'timeStarted': 1774981815450, 'timeModified': 1774981816396, 'version': '0.1.0', 'edition': 'Free', 'branch': 'NewTry', 'url': 'https://github.com/Panda88CO/udi_Broadlink', 'home': '/var/polyglot/pg3/ns/0021b9026dcd_25', 'log': 'logs/debug.log', 'logLevel': 'DEBUG', 'logLevelList': '[{"id":4,"name":"Debug","value":"DEBUG","level":10},{"id":3,"name":"Info","value":"INFO","level":20},{"id":2,"name":"Warning","value":"WARNING","level":30},{"id":1,"name":"Error","value":"ERROR","level":40},{"id":0,"name":"Critical","value":"CRITICAL","level":50}]', 'enabled': 1, 'connected': 1, 'devMode': 0, 'type': 'python3', 'executable': 'udibroadlink.py', 'shortPoll': 60, 'longPoll': 600, 'allowIsyAccess': 0, 'nsInfoPoll': 0, 'discover': 0, 'oauth': 0, 'requestId': 1, 'status_node': None, 'status_driver': None, 'orderId': None, 'store': 'Local', 'option': 'd41438e0-d521-4d31-beff-f5aed9b101f8', 'noLicense': 1, 'latestVersion': '0.1.0', 'dbVersion': 1} from Polyglot
2026-03-31 11:30:16.490 Thread-1 (send_thread) udi_interface.interface DEBUG    interface:_send: PUBLISHING {'addnode': [{'address': 'blirhub', 'name': 'Broadlink IR', 'nodeDefId': 'blirremote', 'primaryNode': '', 'drivers': [{'driver': 'ST', 'value': 0, 'uom': 25}, {'driver': 'GV0', 'value': 0, 'uom': 56}, {'driver': 'GV30', 'value': 0, 'uom': 25}, {'driver': 'TIME', 'value': 1774981816, 'uom': 151}], 'hint': [0, 0, 0, 0], 'private': None, 'rename': True}]}
2026-03-31 11:30:16.490 Thread-1 (send_thread) udi_interface.interface DEBUG    interface:_send: PUBLISHING {'addnode': [{'address': 'blrfhub', 'name': 'Broadlink RF', 'nodeDefId': 'blrfremote', 'primaryNode': '', 'drivers': [{'driver': 'ST', 'value': 0, 'uom': 25}, {'driver': 'GV0', 'value': 0, 'uom': 56}, {'driver': 'GV30', 'value': 0, 'uom': 25}, {'driver': 'TIME', 'value': 1774981816, 'uom': 151}], 'hint': [0, 0, 0, 0], 'private': None, 'rename': True}]}
2026-03-31 11:30:16.501 MQTT       udi_interface.interface DEBUG    interface:_message: QUEUING incoming message addnode
2026-03-31 11:30:16.502 Command    udi_interface.interface DEBUG    interface:_parseInput: DEQUEING addnode
2026-03-31 11:30:16.502 Command    udi_interface.interface DEBUG    interface:_handleInput: PROCESS addnode message {'address': 'blirhub', 'error': 'Request missing required property: primaryNode :: {"address":"blirhub","name":"Broadlink IR","nodeDefId":"blirremote","primaryNode":"","drivers":[{"driver":"ST","value":0,"uom":25},{"driver":"GV0","value":0,"uom":56},{"driver":"GV30","value":0,"uom":25},{"driver":"TIME","value":1774981816,"uom":151}],"hint":[0,0,0,0],"private":null,"rename":true}'} from Polyglot
2026-03-31 11:30:16.502 Command    udi_interface.interface DEBUG    interface:_handleAddNode: add node response: {'address': 'blirhub', 'error': 'Request missing required property: primaryNode :: {"address":"blirhub","name":"Broadlink IR","nodeDefId":"blirremote","primaryNode":"","drivers":[{"driver":"ST","value":0,"uom":25},{"driver":"GV0","value":0,"uom":56},{"driver":"GV30","value":0,"uom":25},{"driver":"TIME","value":1774981816,"uom":151}],"hint":[0,0,0,0],"private":null,"rename":true}'}
2026-03-31 11:30:16.512 MQTT       udi_interface.interface DEBUG    interface:_message: QUEUING incoming message addnode
2026-03-31 11:30:16.512 Command    udi_interface.interface DEBUG    interface:_parseInput: DEQUEING addnode
2026-03-31 11:30:16.512 Command    udi_interface.interface DEBUG    interface:_handleInput: PROCESS addnode message {'address': 'blrfhub', 'error': 'Request missing required property: primaryNode :: {"address":"blrfhub","name":"Broadlink RF","nodeDefId":"blrfremote","primaryNode":"","drivers":[{"driver":"ST","value":0,"uom":25},{"driver":"GV0","value":0,"uom":56},{"driver":"GV30","value":0,"uom":25},{"driver":"TIME","value":1774981816,"uom":151}],"hint":[0,0,0,0],"private":null,"rename":true}'} from Polyglot
2026-03-31 11:30:16.513 Command    udi_interface.interface DEBUG    interface:_handleAddNode: add node response: {'address': 'blrfhub', 'error': 'Request missing required property: primaryNode :: {"address":"blrfhub","name":"Broadlink RF","nodeDefId":"blrfremote","primaryNode":"","drivers":[{"driver":"ST","value":0,"uom":25},{"driver":"GV0","value":0,"uom":56},{"driver":"GV30","value":0,"uom":25},{"driver":"TIME","value":1774981816,"uom":151}],"hint":[0,0,0,0],"private":null,"rename":true}'}
2026-03-31 11:30:17.229 MQTT       udi_interface.interface INFO     interface:_message: Profile installation finished
2026-03-31 11:30:21.573 Thread-3 (handle_params) BroadlinkHubClient WARNING  broadlink_client:_discover_devices: No Broadlink devices discovered on network
2026-03-31 11:30:21.574 Thread-3 (handle_params) BroadlinkHubClient WARNING  broadlink_client:_discover_devices: No Broadlink devices found via direct IP or discovery.
2026-03-31 11:30:21.574 Thread-3 (handle_params) BroadlinkHubClient ERROR    broadlink_client:connect: No Broadlink devices discovered on network
2026-03-31 11:30:21.574 Thread-3 (handle_params) udi_interface      ERROR    device_manager:apply_config: DeviceManager: client connect failed: No Broadlink devices discovered on network
2026-03-31 11:30:21.574 Thread-3 (handle_params) udi_interface.node DEBUG    node:setDriver: blhub:Broadlink Hub No change in ST's value
2026-03-31 11:31:15.455 MQTT       udi_interface.interface DEBUG    interface:_message: QUEUING incoming message shortPoll
2026-03-31 11:31:15.455 Command    udi_interface.interface DEBUG    interface:_parseInput: DEQUEING shortPoll
2026-03-31 11:31:15.456 Command    udi_interface.interface DEBUG    interface:_handleInput: PROCESS shortPoll message {} from Polyglot
2026-03-31 11:32:15.460 MQTT       udi_interface.interface DEBUG    interface:_message: QUEUING incoming message shortPoll
2026-03-31 11:32:15.460 Command    udi_interface.interface DEBUG    interface:_parseInput: DEQUEING shortPoll
2026-03-31 11:32:15.460 Command    udi_interface.interface DEBUG    interface:_handleInput: PROCESS shortPoll message {} from Polyglot
2026-03-31 11:32:50.518 MQTT       udi_interface.interface DEBUG    interface:_message: QUEUING incoming message stop
2026-03-31 11:32:50.519 Command    udi_interface.interface DEBUG    interface:_parseInput: DEQUEING stop
2026-03-31 11:32:50.519 Command    udi_interface.interface DEBUG    interface:_handleInput: PROCESS stop message {} from Polyglot
2026-03-31 11:32:50.519 Command    udi_interface.interface INFO     interface:_handleInput: Received stop from Polyglot... Shutting Down.
2026-03-31 11:40:03.733 MainThread udi_interface      INFO     polylogger:set_basic_config: set_basic_config: enable=True level=30
2026-03-31 11:40:03.733 MainThread udi_interface      INFO     __init__:<module>: UDI interface initializing
2026-03-31 11:40:03.734 MainThread udi_interface      INFO     __init__:<module>: User=None
2026-03-31 11:40:03.734 MainThread udi_interface      INFO     __init__:<module>: Home=/var/polyglot/pg3/ns/0021b9026dcd_25
2026-03-31 11:40:03.734 MainThread udi_interface      INFO     __init__:<module>: Node Server Path=/var/polyglot/pg3/ns/0021b9026dcd_25
2026-03-31 11:40:03.734 MainThread udi_interface      INFO     __init__:<module>: PG3INIT=eyJ1dWlkIjoiMDA6MjE6Yjk6MDI6NmQ6Y2QiLCJwcm9maWxlTnVtIjoyNSwibG9nTGV2ZWwiOiJERUJVRyIsInRva2VuIjoiM2xoZ1JPKm4zJWhQL3lsQyIsIm1xdHRIb3N0IjoibG9jYWxob3N0IiwibXF0dFBvcnQiOjg4ODMsInNlY3VyZSI6MSwiaXNQRzN4Ijp0cnVlLCJwZzNWZXJzaW9uIjoiMy40LjE2IiwiaXN5VmVyc2lvbiI6IjYuMC41IiwiZWRpdGlvbiI6IkZyZWUifQ==
2026-03-31 11:40:03.734 MainThread udi_interface      INFO     __init__:<module>: Loading interface module
2026-03-31 11:40:03.778 MainThread udi_interface      INFO     interface:<module>: Loading MQTT module
2026-03-31 11:40:04.266 MainThread udi_interface      INFO     interface:<module>: MQTT module loaded
2026-03-31 11:40:04.484 MainThread udi_interface      INFO     __init__:<module>: Loading udi_interface module
2026-03-31 11:40:04.484 MainThread udi_interface      INFO     __init__:<module>: Loading node module
2026-03-31 11:40:04.484 MainThread udi_interface      INFO     __init__:<module>: Loading custom module
2026-03-31 11:40:04.485 MainThread udi_interface      INFO     __init__:<module>: Loading isy module
2026-03-31 11:40:04.485 MainThread udi_interface      INFO     __init__:<module>: Loading OAuth module
2026-03-31 11:40:04.485 MainThread udi_interface      INFO     __init__:<module>: UDI interface initialized
2026-03-31 11:40:04.485 MainThread udi_interface      INFO     __init__:<module>: UDI Python Interface for Polyglot version 3 3.4.5 Starting...
2026-03-31 11:40:04.506 MainThread udi_interface.interface INFO     interface:__init__: Initialization received from Polyglot V3 3.4.16  [ISY: 6.0.5, Slot: 25]
2026-03-31 11:40:04.506 MainThread udi_interface.interface INFO     interface:__init__: Connect: Network Interface: {'addr': '192.168.1.204', 'netmask': '255.255.255.0', 'broadcast': '192.168.1.255'}
2026-03-31 11:40:04.506 Interface  udi_interface.interface INFO     interface:_startMqtt: Connecting to MQTT... localhost:8883
2026-03-31 11:40:04.507 Interface  udi_interface.interface INFO     interface:_startMqtt: Using SSL cert: 0021b9026dcd_25.cert key: 0021b9026dcd_25.key ca: /usr/local/etc/ssl/certs/ud.ca.cert
2026-03-31 11:40:04.520 MainThread udi_interface.interface WARNING  interface:db_getNodeDrivers: blhub not found in database.
2026-03-31 11:40:04.520 MainThread udi_interface.interface INFO     interface:addNode: Adding node Broadlink Hub(blhub) [None]
2026-03-31 11:40:04.520 MainThread udi_interface.interface INFO     interface:updateProfile: Sending Install Profile command to Polyglot.
2026-03-31 11:40:04.521 Interface  udi_interface.interface INFO     interface:_startMqtt: MQTT keepalive is 300 seconds.
2026-03-31 11:40:04.623 MQTT       udi_interface.interface INFO     interface:_connect: MQTT Connected with Reason code: Success
2026-03-31 11:40:04.623 MQTT       udi_interface.interface INFO     interface:_connect: MQTT Subscribing to topic: udi/pg3/ns/clients/00:21:b9:02:6d:cd_25 -  MID: 2 Result: 0
2026-03-31 11:40:04.665 MQTT       udi_interface.interface INFO     interface:_subscribe: MQTT Subscribed Successfully for Message ID: 2. Reason codes: ['Granted QoS 0']
2026-03-31 11:40:04.753 MQTT       udi_interface.interface INFO     interface:_message: Successfully set key = customparamsdoc
2026-03-31 11:40:04.754 MQTT       udi_interface.interface DEBUG    interface:_message: QUEUING incoming message getAll
2026-03-31 11:40:04.754 Command    udi_interface.interface DEBUG    interface:_parseInput: DEQUEING getAll
2026-03-31 11:40:04.754 Command    udi_interface.interface DEBUG    interface:_handleInput: PROCESS getAll message {'id': 'd129918f-4a83-40a9-86a1-06422475efda', 'uuid': '00:21:b9:02:6d:cd', 'profileNum': 25, 'key': 'customparams', 'value': '{"USER_ID":"christian.olgaard@gmail.com","USER_PASSWORD":"coe123COE!@#","HUB_IP":"192.168.1.226"}', 'dbVersion': 1} from Polyglot
2026-03-31 11:40:04.755 MQTT       udi_interface.interface DEBUG    interface:_message: QUEUING incoming message getNsInfo
2026-03-31 11:40:04.755 Thread-3 (handle_params) udi_interface.custom DEBUG    custom:load: CUSTOM: load {'USER_ID': 'christian.olgaard@gmail.com', 'USER_PASSWORD': 'coe123COE!@#', 'HUB_IP': '192.168.1.226'}
2026-03-31 11:40:04.755 Command    udi_interface.interface DEBUG    interface:_handleInput: PROCESS getAll message {'id': '9cfc9c3b-1b6d-4c96-9b1d-05fd1d8ec72a', 'uuid': '00:21:b9:02:6d:cd', 'profileNum': 25, 'key': 'customparamsdoc', 'value': '<h1>Broadlink Node Server Configuration</h1>\n\n<h2>Required Parameters</h2>\n\n<ul>\n<li><code>USER_ID</code>: User identifier for your Broadlink setup (stored for compatibility/future cloud extensions)</li>\n<li><code>USER_PASSWORD</code>: User password (stored for compatibility/future cloud extensions)</li>\n<li><code>HUB_IP</code>: IP address of your Broadlink RM hub (for example <code>192.168.1.120</code>)</li>\n</ul>\n\n<h2>AP Provisioning Parameters (broadlink.setup)</h2>\n\n<p>Use these only when provisioning a device in AP mode:</p>\n\n<ul>\n<li><code>WIFI_SSID</code>: target Wi-Fi SSID</li>\n<li><code>WIFI_PASSWORD</code>: target Wi-Fi password</li>\n<li><code>WIFI_SECURITY_MODE</code>: <code>0..4</code> (<code>4</code> = WPA1/2 default)</li>\n<li><code>SETUP_IP</code>: destination IP for setup packet (default <code>255.255.255.255</code>)</li>\n</ul>\n\n<p>After setting these, run the setup-node command <code>Provision AP Setup</code>.</p>\n\n<h2>Code Configuration</h2>\n\n<p>Two parameters define the transmit codes and automatically create subnodes:</p>\n\n<ul>\n<li><code>IR_CODES</code></li>\n<li><code>RF_CODES</code></li>\n</ul>\n\n<p>Both support either JSON or <code>key=value</code> lines.</p>\n\n<h3>JSON example</h3>\n\n<pre><code>{\n  "TV Power": "2600d200949512...",\n  "Receiver Vol Up": "b64:AAECAwQFBgc..."\n}\n</code></pre>\n\n<h3>key/value example</h3>\n\n<pre><code>TV Power=2600d200949512...\nReceiver Vol Up=b64:AAECAwQFBgc...\n</code></pre>\n\n<p>Encoding options:</p>\n\n<ul>\n<li>Hex (default)</li>\n<li>Base64 with <code>b64:</code> prefix</li>\n</ul>\n\n<h2>Operational Notes</h2>\n\n<ul>\n<li>Changing <code>IR_CODES</code> or <code>RF_CODES</code> updates the code subnodes.</li>\n<li>Each code subnode has a <code>TXCODE</code> command to send its packet.</li>\n<li>IR and RF parent nodes support <code>LEARNCODE</code> to learn packets directly from the hub and create subnodes automatically.</li>\n<li>Setup node supports <code>APSETUP</code> ("Provision AP Setup") which calls <code>broadlink.setup(...)</code>.</li>\n<li><code>shortPoll</code> provides heartbeat updates.</li>\n<li><code>longPoll</code> refreshes Broadlink connectivity state.</li>\n</ul>\n', 'dbVersion': 1} from Polyglot
2026-03-31 11:40:04.756 Thread-3 (handle_params) udi_interface.custom DEBUG    custom:load: CUSTOM:  -- checking USER_ID / christian.olgaard@gmail.com
2026-03-31 11:40:04.756 Command    udi_interface.interface DEBUG    interface:_handleInput: PROCESS getAll message {'id': 'bb6ce6a7-9654-46d8-8cef-f889db88f4eb', 'uuid': '00:21:b9:02:6d:cd', 'profileNum': 25, 'key': 'customtypeddata', 'value': '{}', 'dbVersion': 1} from Polyglot
2026-03-31 11:40:04.756 Thread-3 (handle_params) udi_interface.custom DEBUG    custom:load: CUSTOM:  -- checking USER_PASSWORD / coe123COE!@#
2026-03-31 11:40:04.756 Command    udi_interface.interface DEBUG    interface:_handleInput: PROCESS getAll message {'id': 'c81ab660-1629-46f4-b7cb-661777619601', 'uuid': '00:21:b9:02:6d:cd', 'profileNum': 25, 'key': 'nsdata', 'value': '', 'dbVersion': 1} from Polyglot
2026-03-31 11:40:04.756 Thread-3 (handle_params) udi_interface.custom DEBUG    custom:load: CUSTOM:  -- checking HUB_IP / 192.168.1.226
2026-03-31 11:40:04.756 Command    udi_interface.interface DEBUG    interface:_handleInput: Key nsdata should be passed to node server.
2026-03-31 11:40:04.757 Command    udi_interface.interface DEBUG    interface:_handleInput: PROCESS getAll message {'id': '22afc5ef-50c4-479f-83b3-88a2437e5624', 'uuid': '00:21:b9:02:6d:cd', 'profileNum': 25, 'key': 'oauth', 'value': '', 'dbVersion': 1} from Polyglot
2026-03-31 11:40:04.757 Command    udi_interface.interface DEBUG    interface:_handleInput: Key oauth should be passed to node server.
2026-03-31 11:40:04.757 Thread-4 (handle_custom_data) udi_interface.custom DEBUG    custom:load: CUSTOM: load {}
2026-03-31 11:40:04.758 Command    udi_interface.interface DEBUG    interface:_parseInput: DEQUEING getNsInfo
2026-03-31 11:40:04.758 Thread-4 (handle_custom_data) udi_interface.interface WARNING  interface:db_getNodeDrivers: blirhub not found in database.
2026-03-31 11:40:04.758 Command    udi_interface.interface DEBUG    interface:_handleInput: PROCESS getNsInfo message {'id': '1506599b-1827-46c8-91c4-f28fc8a9d885', 'uuid': '00:21:b9:02:6d:cd', 'name': 'TeslaEVstream', 'nsid': 'fc6f63ff-b210-4076-a111-c0f40c748a74', 'expires': 0, 'nickname': None, 'profileNum': 18, 'developerMode': 0, 'timeAdded': 1748019345855, 'timeStarted': 1770338293164, 'timeModified': 1770338315461, 'version': '0.2.14', 'edition': 'Free', 'branch': 'main', 'url': 'https://github.com/Panda88CO/TeslaEV3', 'home': '/var/polyglot/pg3/ns/0021b9026dcd_18', 'log': 'logs/debug.log', 'logLevel': 'DEBUG', 'logLevelList': '[{"id":4,"name":"Debug","value":"DEBUG","level":10},{"id":3,"name":"Info","value":"INFO","level":20},{"id":2,"name":"Warning","value":"WARNING","level":30},{"id":1,"name":"Error","value":"ERROR","level":40},{"id":0,"name":"Critical","value":"CRITICAL","level":50}]', 'enabled': 0, 'connected': 0, 'devMode': 0, 'type': 'python3', 'executable': 'TeslaEV3main.py', 'shortPoll': 300, 'longPoll': 7200, 'allowIsyAccess': 0, 'nsInfoPoll': 0, 'discover': 0, 'oauth': 1, 'requestId': 0, 'status_node': None, 'status_driver': None, 'orderId': None, 'store': 'Production', 'option': '5a4f2b45-0f05-4b6b-a634-f677e85e9c7b', 'noLicense': 1, 'latestVersion': '0.2.14', 'dbVersion': 1} from Polyglot
2026-03-31 11:40:04.758 Thread-4 (handle_custom_data) udi_interface.interface INFO     interface:addNode: Adding node Broadlink IR(blirhub) [None]
2026-03-31 11:40:04.758 Command    udi_interface.interface DEBUG    interface:_handleInput: PROCESS getNsInfo message {'id': '36febc9e-1def-435b-a9a2-3820011d6f75', 'uuid': '00:21:b9:02:6d:cd', 'name': 'Netro_watering', 'nsid': 'dd5f609e-51c8-43d5-a06e-625b8f948a81', 'expires': 0, 'nickname': None, 'profileNum': 10, 'developerMode': 0, 'timeAdded': 1762799487659, 'timeStarted': 1762814980766, 'timeModified': 1764278562941, 'version': '0.1.18', 'edition': 'Standard', 'branch': 'main', 'url': 'https://github.com/Panda88CO/udiNetro', 'home': '/var/polyglot/pg3/ns/0021b9026dcd_10', 'log': 'logs/debug.log', 'logLevel': 'DEBUG', 'logLevelList': '[{"id":4,"name":"Debug","value":"DEBUG","level":10},{"id":3,"name":"Info","value":"INFO","level":20},{"id":2,"name":"Warning","value":"WARNING","level":30},{"id":1,"name":"Error","value":"ERROR","level":40},{"id":0,"name":"Critical","value":"CRITICAL","level":50}]', 'enabled': 0, 'connected': 0, 'devMode': 0, 'type': 'python3', 'executable': 'udiNetro.py', 'shortPoll': 60, 'longPoll': 1200, 'allowIsyAccess': 0, 'nsInfoPoll': 0, 'discover': 0, 'oauth': 0, 'requestId': 0, 'status_node': None, 'status_driver': None, 'orderId': None, 'store': 'Local', 'option': 'aabda037-cfb2-4e35-824a-48eebc9cfc48', 'noLicense': 1, 'latestVersion': '0.1.18', 'dbVersion': 1} from Polyglot
2026-03-31 11:40:04.759 Thread-4 (handle_custom_data) udi_interface.interface WARNING  interface:db_getNodeDrivers: blrfhub not found in database.
2026-03-31 11:40:04.759 Command    udi_interface.interface DEBUG    interface:_handleInput: PROCESS getNsInfo message {'id': '48cc858b-ffa8-4047-b6f7-8c1a950572c3', 'uuid': '00:21:b9:02:6d:cd', 'name': 'YolinkLocal', 'nsid': '0e152549-cca9-4835-9981-9028cbe258bb', 'expires': 0, 'nickname': None, 'profileNum': 8, 'developerMode': 0, 'timeAdded': 1763517642307, 'timeStarted': 1774974069480, 'timeModified': 1774974198536, 'version': '1.8.17', 'edition': 'Free', 'branch': 'AI-test6', 'url': 'https://github.com/Panda88CO/udi-yolink', 'home': '/var/polyglot/pg3/ns/0021b9026dcd_8', 'log': 'logs/debug.log', 'logLevel': 'DEBUG', 'logLevelList': '[{"id":4,"name":"Debug","value":"DEBUG","level":10},{"id":3,"name":"Info","value":"INFO","level":20},{"id":2,"name":"Warning","value":"WARNING","level":30},{"id":1,"name":"Error","value":"ERROR","level":40},{"id":0,"name":"Critical","value":"CRITICAL","level":50}]', 'enabled': 1, 'connected': 1, 'devMode': 0, 'type': 'python3', 'executable': 'udiYoLinkLocal.py', 'shortPoll': 60, 'longPoll': 3600, 'allowIsyAccess': 0, 'nsInfoPoll': 0, 'discover': 0, 'oauth': 0, 'requestId': 0, 'status_node': None, 'status_driver': None, 'orderId': None, 'store': 'Local', 'option': 'b8c653c3-02b9-4fbc-a890-03dee8db6500', 'noLicense': 1, 'latestVersion': '1.8.17', 'dbVersion': 1} from Polyglot
2026-03-31 11:40:04.759 Thread-4 (handle_custom_data) udi_interface.interface INFO     interface:addNode: Adding node Broadlink RF(blrfhub) [None]
2026-03-31 11:40:04.759 Command    udi_interface.interface DEBUG    interface:_handleInput: PROCESS getNsInfo message {'id': '35dea668-283e-43a0-9a4c-71d277f0f990', 'uuid': '00:21:b9:02:6d:cd', 'name': 'Blink', 'nsid': '02b66257-0f05-4624-9c27-6855c828c844', 'expires': 0, 'nickname': None, 'profileNum': 13, 'developerMode': 0, 'timeAdded': 1763686393708, 'timeStarted': 1774758530000, 'timeModified': 1774894317701, 'version': '0.6.16', 'edition': 'Standard', 'branch': 'DEV2', 'url': 'https://github.com/Panda88CO/udi-Blink.git', 'home': '/var/polyglot/pg3/ns/0021b9026dcd_13', 'log': 'logs/debug.log', 'logLevel': 'DEBUG', 'logLevelList': '[{"id":4,"name":"Debug","value":"DEBUG","level":10},{"id":3,"name":"Info","value":"INFO","level":20},{"id":2,"name":"Warning","value":"WARNING","level":30},{"id":1,"name":"Error","value":"ERROR","level":40},{"id":0,"name":"Critical","value":"CRITICAL","level":50}]', 'enabled': 0, 'connected': 0, 'devMode': 0, 'type': 'python3', 'executable': 'udiBlinkController.py', 'shortPoll': 60, 'longPoll': 300, 'allowIsyAccess': 0, 'nsInfoPoll': 0, 'discover': 0, 'oauth': 0, 'requestId': 0, 'status_node': None, 'status_driver': None, 'orderId': None, 'store': 'Local', 'option': '6ef66d02-78bc-42d8-af42-449f36eff89d', 'noLicense': 1, 'latestVersion': '0.6.16', 'dbVersion': 1} from Polyglot
2026-03-31 11:40:04.759 Command    udi_interface.interface DEBUG    interface:_handleInput: PROCESS getNsInfo message {'id': 'f968726c-2723-488f-b25d-a8fcbdccb7b0', 'uuid': '00:21:b9:02:6d:cd', 'name': 'Hubitat2udi', 'nsid': 'c2ca20c9-0a57-48f9-a342-571d0a0b716d', 'expires': 0, 'nickname': None, 'profileNum': 15, 'developerMode': 0, 'timeAdded': 1768772952724, 'timeStarted': 1769201733443, 'timeModified': 1772040979668, 'version': '0.1.13', 'edition': 'Free', 'branch': 'develop', 'url': 'https://github.com/Panda88CO/udi-hubitat.git', 'home': '/var/polyglot/pg3/ns/0021b9026dcd_15', 'log': 'logs/debug.log', 'logLevel': 'DEBUG', 'logLevelList': '[{"id":4,"name":"Debug","value":"DEBUG","level":10},{"id":3,"name":"Info","value":"INFO","level":20},{"id":2,"name":"Warning","value":"WARNING","level":30},{"id":1,"name":"Error","value":"ERROR","level":40},{"id":0,"name":"Critical","value":"CRITICAL","level":50}]', 'enabled': 0, 'connected': 0, 'devMode': 0, 'type': 'python3', 'executable': 'udi-hubitat.py', 'shortPoll': 60, 'longPoll': 300, 'allowIsyAccess': 0, 'nsInfoPoll': 0, 'discover': 0, 'oauth': 0, 'requestId': 1, 'status_node': None, 'status_driver': None, 'orderId': None, 'store': 'Local', 'option': 'b9eabfee-b366-4cbc-a633-f84a40c2873a', 'noLicense': 1, 'latestVersion': '0.1.13', 'dbVersion': 1} from Polyglot
2026-03-31 11:40:04.759 Command    udi_interface.interface DEBUG    interface:_handleInput: PROCESS getNsInfo message {'id': '76e35165-335c-4e42-ba79-2e7c4451b621', 'uuid': '00:21:b9:02:6d:cd', 'name': 'YoLinkThermost', 'nsid': '8fff0b67-9120-4596-afde-437a811daa9f', 'expires': 0, 'nickname': None, 'profileNum': 20, 'developerMode': 0, 'timeAdded': 1772915990302, 'timeStarted': 1773078133371, 'timeModified': 1773080490372, 'version': '1.8.9', 'edition': 'Free', 'branch': 'AI-test2', 'url': 'https://github.com/Panda88CO/udi-yolink', 'home': '/var/polyglot/pg3/ns/0021b9026dcd_20', 'log': 'logs/debug.log', 'logLevel': 'DEBUG', 'logLevelList': '[{"id":4,"name":"Debug","value":"DEBUG","level":10},{"id":3,"name":"Info","value":"INFO","level":20},{"id":2,"name":"Warning","value":"WARNING","level":30},{"id":1,"name":"Error","value":"ERROR","level":40},{"id":0,"name":"Critical","value":"CRITICAL","level":50}]', 'enabled': 0, 'connected': 0, 'devMode': 0, 'type': 'python3', 'executable': 'udi-YoLink.py', 'shortPoll': 600, 'longPoll': 3600, 'allowIsyAccess': 0, 'nsInfoPoll': 0, 'discover': 0, 'oauth': 0, 'requestId': 0, 'status_node': None, 'status_driver': None, 'orderId': None, 'store': 'Local', 'option': '5e38dc46-051a-452b-99dc-6c6f5ac27d33', 'noLicense': 1, 'latestVersion': '1.8.9', 'dbVersion': 1} from Polyglot
2026-03-31 11:40:04.760 Command    udi_interface.interface DEBUG    interface:_handleInput: PROCESS getNsInfo message {'id': '9cc5773d-8953-4950-95a8-df735208a553', 'uuid': '00:21:b9:02:6d:cd', 'name': 'BroadLink', 'nsid': '5bf099a4-e653-4644-b2d6-359db6a9c472', 'expires': 0, 'nickname': None, 'profileNum': 25, 'developerMode': 0, 'timeAdded': 1773855968490, 'timeStarted': 1774982403682, 'timeModified': 1774982404692, 'version': '0.1.0', 'edition': 'Free', 'branch': 'NewTry', 'url': 'https://github.com/Panda88CO/udi_Broadlink', 'home': '/var/polyglot/pg3/ns/0021b9026dcd_25', 'log': 'logs/debug.log', 'logLevel': 'DEBUG', 'logLevelList': '[{"id":4,"name":"Debug","value":"DEBUG","level":10},{"id":3,"name":"Info","value":"INFO","level":20},{"id":2,"name":"Warning","value":"WARNING","level":30},{"id":1,"name":"Error","value":"ERROR","level":40},{"id":0,"name":"Critical","value":"CRITICAL","level":50}]', 'enabled': 1, 'connected': 1, 'devMode': 0, 'type': 'python3', 'executable': 'udibroadlink.py', 'shortPoll': 60, 'longPoll': 600, 'allowIsyAccess': 0, 'nsInfoPoll': 0, 'discover': 0, 'oauth': 0, 'requestId': 1, 'status_node': None, 'status_driver': None, 'orderId': None, 'store': 'Local', 'option': 'd41438e0-d521-4d31-beff-f5aed9b101f8', 'noLicense': 1, 'latestVersion': '0.1.0', 'dbVersion': 1} from Polyglot
2026-03-31 11:40:04.763 Thread-1 (send_thread) udi_interface.interface DEBUG    interface:_send: PUBLISHING {'addnode': [{'address': 'blirhub', 'name': 'Broadlink IR', 'nodeDefId': 'blirremote', 'primaryNode': '', 'drivers': [{'driver': 'ST', 'value': 0, 'uom': 25}, {'driver': 'GV0', 'value': 0, 'uom': 56}, {'driver': 'GV30', 'value': 0, 'uom': 25}, {'driver': 'TIME', 'value': 1774982404, 'uom': 151}], 'hint': [0, 0, 0, 0], 'private': None, 'rename': True}]}
2026-03-31 11:40:04.764 Thread-1 (send_thread) udi_interface.interface DEBUG    interface:_send: PUBLISHING {'addnode': [{'address': 'blrfhub', 'name': 'Broadlink RF', 'nodeDefId': 'blrfremote', 'primaryNode': '', 'drivers': [{'driver': 'ST', 'value': 0, 'uom': 25}, {'driver': 'GV0', 'value': 0, 'uom': 56}, {'driver': 'GV30', 'value': 0, 'uom': 25}, {'driver': 'TIME', 'value': 1774982404, 'uom': 151}], 'hint': [0, 0, 0, 0], 'private': None, 'rename': True}]}
2026-03-31 11:40:04.773 MQTT       udi_interface.interface DEBUG    interface:_message: QUEUING incoming message addnode
2026-03-31 11:40:04.773 Command    udi_interface.interface DEBUG    interface:_parseInput: DEQUEING addnode
2026-03-31 11:40:04.774 Command    udi_interface.interface DEBUG    interface:_handleInput: PROCESS addnode message {'address': 'blirhub', 'error': 'Request missing required property: primaryNode :: {"address":"blirhub","name":"Broadlink IR","nodeDefId":"blirremote","primaryNode":"","drivers":[{"driver":"ST","value":0,"uom":25},{"driver":"GV0","value":0,"uom":56},{"driver":"GV30","value":0,"uom":25},{"driver":"TIME","value":1774982404,"uom":151}],"hint":[0,0,0,0],"private":null,"rename":true}'} from Polyglot
2026-03-31 11:40:04.774 Command    udi_interface.interface DEBUG    interface:_handleAddNode: add node response: {'address': 'blirhub', 'error': 'Request missing required property: primaryNode :: {"address":"blirhub","name":"Broadlink IR","nodeDefId":"blirremote","primaryNode":"","drivers":[{"driver":"ST","value":0,"uom":25},{"driver":"GV0","value":0,"uom":56},{"driver":"GV30","value":0,"uom":25},{"driver":"TIME","value":1774982404,"uom":151}],"hint":[0,0,0,0],"private":null,"rename":true}'}
2026-03-31 11:40:04.784 MQTT       udi_interface.interface DEBUG    interface:_message: QUEUING incoming message addnode
2026-03-31 11:40:04.785 Command    udi_interface.interface DEBUG    interface:_parseInput: DEQUEING addnode
2026-03-31 11:40:04.785 Command    udi_interface.interface DEBUG    interface:_handleInput: PROCESS addnode message {'address': 'blrfhub', 'error': 'Request missing required property: primaryNode :: {"address":"blrfhub","name":"Broadlink RF","nodeDefId":"blrfremote","primaryNode":"","drivers":[{"driver":"ST","value":0,"uom":25},{"driver":"GV0","value":0,"uom":56},{"driver":"GV30","value":0,"uom":25},{"driver":"TIME","value":1774982404,"uom":151}],"hint":[0,0,0,0],"private":null,"rename":true}'} from Polyglot
2026-03-31 11:40:04.785 Command    udi_interface.interface DEBUG    interface:_handleAddNode: add node response: {'address': 'blrfhub', 'error': 'Request missing required property: primaryNode :: {"address":"blrfhub","name":"Broadlink RF","nodeDefId":"blrfremote","primaryNode":"","drivers":[{"driver":"ST","value":0,"uom":25},{"driver":"GV0","value":0,"uom":56},{"driver":"GV30","value":0,"uom":25},{"driver":"TIME","value":1774982404,"uom":151}],"hint":[0,0,0,0],"private":null,"rename":true}'}
2026-03-31 11:40:05.418 MQTT       udi_interface.interface INFO     interface:_message: Profile installation finished
2026-03-31 11:40:09.839 Thread-3 (handle_params) BroadlinkHubClient WARNING  broadlink_client:_discover_devices: No Broadlink devices discovered on network
2026-03-31 11:40:09.839 Thread-3 (handle_params) BroadlinkHubClient WARNING  broadlink_client:_discover_devices: No Broadlink devices found via direct IP or discovery.
2026-03-31 11:40:09.839 Thread-3 (handle_params) BroadlinkHubClient ERROR    broadlink_client:connect: No Broadlink devices discovered on network
2026-03-31 11:40:09.839 Thread-3 (handle_params) udi_interface      ERROR    device_manager:apply_config: DeviceManager: client connect failed: No Broadlink devices discovered on network
2026-03-31 11:40:09.839 Thread-3 (handle_params) udi_interface.node DEBUG    node:setDriver: blhub:Broadlink Hub No change in ST's value
2026-03-31 11:41:03.687 MQTT       udi_interface.interface DEBUG    interface:_message: QUEUING incoming message shortPoll
2026-03-31 11:41:03.687 Command    udi_interface.interface DEBUG    interface:_parseInput: DEQUEING shortPoll
2026-03-31 11:41:03.687 Command    udi_interface.interface DEBUG    interface:_handleInput: PROCESS shortPoll message {} from Polyglot
